17:24:37.549 detox[4712] [90mi[39m Detected a deprecated "runnerConfig" property (string).
17:24:37.550 detox[4712] [90mi[39m Detected a deprecated "testRunner" property (string).
17:24:37.550 detox[4712] [90mi[39m Detected a deprecated "specs" property.
17:24:37.551 detox[4712] [90mi[39m Please migrate your Detox config according to the guide:
https://wix.github.io/Detox/docs/guide/migration

17:24:37.552 detox[4712] [90mB[39m node_modules/.bin/detox test -c ios.sim.debug --cleanup --record-logs all
  data: {
    "id": "91c74aea-6952-3759-333e-b706c3ac8cba",
    "detoxConfig": {
      "configurationName": "ios.sim.debug",
      "apps": {
        "default": {
          "type": "ios.app",
          "binaryPath": "ios/build/Build/Products/Debug-iphonesimulator/reporeactnativeoidc.app",
          "build": "xcodebuild -workspace ios/reporeactnativeoidc.xcworkspace -scheme reporeactnativeoidc -configuration Debug -sdk iphonesimulator -derivedDataPath ios/build"
        }
      },
      "artifacts": {
        "rootDir": "e2e/artifacts/ios.sim.debug.2026-01-30 15-24-37Z",
        "plugins": {
          "log": {
            "enabled": true,
            "keepOnlyFailedTestsArtifacts": false
          },
          "screenshot": {
            "enabled": true,
            "shouldTakeAutomaticSnapshots": false,
            "keepOnlyFailedTestsArtifacts": false
          },
          "video": {
            "enabled": true,
            "keepOnlyFailedTestsArtifacts": false
          },
          "instruments": {
            "enabled": false,
            "keepOnlyFailedTestsArtifacts": false
          },
          "uiHierarchy": {
            "enabled": false,
            "keepOnlyFailedTestsArtifacts": false
          },
          "timeline": {
            "enabled": false
          }
        }
      },
      "behavior": {
        "init": {
          "keepLockFile": false,
          "reinstallApp": true,
          "exposeGlobals": true
        },
        "cleanup": {
          "shutdownDevice": true
        },
        "launchApp": "auto"
      },
      "cli": {
        "recordLogs": "all",
        "cleanup": true,
        "configuration": "ios.sim.debug",
        "start": true
      },
      "commands": [
        {
          "appName": "default",
          "build": "xcodebuild -workspace ios/reporeactnativeoidc.xcworkspace -scheme reporeactnativeoidc -configuration Debug -sdk iphonesimulator -derivedDataPath ios/build"
        }
      ],
      "device": {
        "type": "ios.simulator",
        "device": {
          "type": "iPhone 16e"
        }
      },
      "logger": {
        "level": "info",
        "overrideConsole": true,
        "options": {
          "showLoggerName": true,
          "showPid": true,
          "showLevel": false,
          "showMetadata": false,
          "basepath": "/Users/tiberiu.ciuc/Documents/DEV/okta-client-javascript/node_modules/detox/src",
          "prefixers": {},
          "stringifiers": {}
        }
      },
      "testRunner": {
        "retries": 0,
        "forwardEnv": false,
        "detached": false,
        "bail": false,
        "noRetryArgs": [
          "shard"
        ],
        "jest": {
          "setupTimeout": 300000,
          "teardownTimeout": 30000,
          "retryAfterCircusRetries": false,
          "reportWorkerAssign": true
        },
        "args": {
          "$0": "jest",
          "_": [
            "e2e/tests"
          ],
          "config": "e2e/jest.config.json",
          "--": []
        }
      },
      "session": {
        "autoStart": true,
        "debugSynchronization": 10000
      }
    },
    "detoxIPCServer": "primary-4712",
    "testResults": [],
    "testSessionIndex": 0,
    "workersCount": 0
  }
17:24:37.556 detox[4712] [90mi[39m Server path not specified, so defaulting to ipc.config.socketRoot + ipc.config.appspace + ipc.config.id /tmp/detox.primary-4712
17:24:37.557 detox[4712] [90mi[39m starting server on  /tmp/detox.primary-4712 
17:24:37.557 detox[4712] [90mi[39m starting TLS server false
17:24:37.557 detox[4712] [90mi[39m starting server as Unix || Windows Socket
17:24:37.559 detox[4712] [90mi[39m Detox server listening on localhost:64560...
17:24:37.563 detox[4712] [90mi[39m Serialized the session state at: /private/var/folders/nq/wp0h1j791f3f_j37rpjvvcxh0000gn/T/91c74aea-6952-3759-333e-b706c3ac8cba.detox.json
17:24:37.563 detox[4712] [90mB[39m jest --config e2e/jest.config.json e2e/tests
17:24:37.565 detox[4712] [90mi[39m (node:4712) [DEP0190] DeprecationWarning: Passing args to a child process with shell option true can lead to security vulnerabilities, as the arguments are not escaped, only concatenated.
(Use `node --trace-deprecation ...` to show where the warning was created)
17:24:37.996 detox[4712] [90mE[39m Command failed with exit code = 1:
jest --config e2e/jest.config.json e2e/tests
17:24:37.997 detox[4712] [90mi[39m Detox server has been closed gracefully
17:24:37.997 detox[4712] [90mE[39m node_modules/.bin/detox test -c ios.sim.debug --cleanup --record-logs all
