17:57:55.955 detox[14917] [90mi[39m Detected a deprecated "runnerConfig" property (string).
17:57:55.957 detox[14917] [90mi[39m Detected a deprecated "testRunner" property (string).
17:57:55.957 detox[14917] [90mi[39m Detected a deprecated "specs" property.
17:57:55.957 detox[14917] [90mi[39m Please migrate your Detox config according to the guide:
https://wix.github.io/Detox/docs/guide/migration

17:57:55.958 detox[14917] [90mB[39m node_modules/.bin/detox test -c android.emu.debug --cleanup --record-logs all
  data: {
    "id": "98d90eb3-9c3a-3ec5-78f8-457c6a836339",
    "detoxConfig": {
      "configurationName": "android.emu.debug",
      "apps": {
        "default": {
          "type": "android.apk",
          "binaryPath": "android/app/build/outputs/apk/debug/app-debug.apk",
          "build": "cd android && ./gradlew assembleDebug"
        }
      },
      "artifacts": {
        "rootDir": "e2e/artifacts/android.emu.debug.2026-01-30 15-57-55Z",
        "plugins": {
          "log": {
            "enabled": true,
            "keepOnlyFailedTestsArtifacts": false
          },
          "screenshot": {
            "enabled": true,
            "shouldTakeAutomaticSnapshots": false,
            "keepOnlyFailedTestsArtifacts": false
          },
          "video": {
            "enabled": true,
            "keepOnlyFailedTestsArtifacts": false
          },
          "instruments": {
            "enabled": false,
            "keepOnlyFailedTestsArtifacts": false
          },
          "uiHierarchy": {
            "enabled": false,
            "keepOnlyFailedTestsArtifacts": false
          },
          "timeline": {
            "enabled": false
          }
        }
      },
      "behavior": {
        "init": {
          "keepLockFile": false,
          "reinstallApp": true,
          "exposeGlobals": true
        },
        "cleanup": {
          "shutdownDevice": true
        },
        "launchApp": "auto"
      },
      "cli": {
        "recordLogs": "all",
        "cleanup": true,
        "configuration": "android.emu.debug",
        "start": true
      },
      "commands": [
        {
          "appName": "default",
          "build": "cd android && ./gradlew assembleDebug"
        }
      ],
      "device": {
        "type": "android.emulator",
        "device": {
          "avdName": "Pixel_5_API_3.1"
        }
      },
      "logger": {
        "level": "info",
        "overrideConsole": true,
        "options": {
          "showLoggerName": true,
          "showPid": true,
          "showLevel": false,
          "showMetadata": false,
          "basepath": "/Users/tiberiu.ciuc/Documents/DEV/okta-client-javascript/node_modules/detox/src",
          "prefixers": {},
          "stringifiers": {}
        }
      },
      "testRunner": {
        "retries": 0,
        "forwardEnv": false,
        "detached": false,
        "bail": false,
        "noRetryArgs": [
          "shard"
        ],
        "jest": {
          "setupTimeout": 300000,
          "teardownTimeout": 30000,
          "retryAfterCircusRetries": false,
          "reportWorkerAssign": true
        },
        "args": {
          "$0": "jest",
          "_": [
            "e2e/tests"
          ],
          "config": "e2e/jest.config.json",
          "--": []
        }
      },
      "session": {
        "autoStart": true,
        "debugSynchronization": 10000
      }
    },
    "detoxIPCServer": "primary-14917",
    "testResults": [],
    "testSessionIndex": 0,
    "workersCount": 0
  }
17:57:55.962 detox[14917] [90mi[39m Server path not specified, so defaulting to ipc.config.socketRoot + ipc.config.appspace + ipc.config.id /tmp/detox.primary-14917
17:57:55.963 detox[14917] [90mi[39m starting server on  /tmp/detox.primary-14917 
17:57:55.963 detox[14917] [90mi[39m starting TLS server false
17:57:55.963 detox[14917] [90mi[39m starting server as Unix || Windows Socket
17:57:55.965 detox[14917] [90mi[39m Detox server listening on localhost:49559...
17:57:55.968 detox[14917] [90mi[39m Serialized the session state at: /private/var/folders/nq/wp0h1j791f3f_j37rpjvvcxh0000gn/T/98d90eb3-9c3a-3ec5-78f8-457c6a836339.detox.json
17:57:55.969 detox[14917] [90mB[39m jest --config e2e/jest.config.json e2e/tests
17:57:55.971 detox[14917] [90mi[39m (node:14917) [DEP0190] DeprecationWarning: Passing args to a child process with shell option true can lead to security vulnerabilities, as the arguments are not escaped, only concatenated.
(Use `node --trace-deprecation ...` to show where the warning was created)
17:57:56.107 detox[14917] [90mE[39m Command failed with exit code = 1:
jest --config e2e/jest.config.json e2e/tests
17:57:56.107 detox[14917] [90mi[39m Detox server has been closed gracefully
17:57:56.108 detox[14917] [90mE[39m node_modules/.bin/detox test -c android.emu.debug --cleanup --record-logs all
